012db2bf-5cd7-4557-95cb-ed97c5344b13 bpinsard@beluga3.int.ets1.calculquebec.ca:/lustre03/project/6003287/datasets/cneuromod_new/movie10 timestamp=1590522770.596015s
02eb3dc4-25e5-4cdb-8ef7-480bd0c0c213 bpinsard@cedar1.cedar.computecanada.ca:/project/6003287/DATA/neuromod_new/phantom/video10 timestamp=1568138480.639219972s
14ca3d5f-f450-439b-8736-2ff2428de93b s3unf.phantom.video.mri timestamp=1567111206.245245135s
46edd70d-ad9c-45af-8ef7-884ed0342274 basile@criugm0277:~/data/tests/cneuromod/movie10 timestamp=1596729680.041352504s
47965f5f-36e2-41e2-b3f3-5f84b3ebfbbb bpinsard@beluga2.int.ets1.calculquebec.ca:/lustre03/project/6002071/DATA/phantom/video10 timestamp=1568211692.552107672s
4e049797-1952-4454-b50c-1e8842016f36 s3unf.phantom.video.stimuli timestamp=1573763528.094052614s
54430132-2424-444b-9e3c-e3e4b0c09774 bpinsard@jacaranda.unf-montreal.ca:/mnt/data_sq/neuromod/DATA/phantom/video10 timestamp=1568057250.208454976s
54cca3cd-d5a1-42f4-800d-c50d1e11b54a basile@criugm0277:~/data/tests/cneuromod/movie10 timestamp=1590003980.345051028s
5677df55-323d-4fe1-b0b6-b9aff20a6017 basile@criugm0277:~/data/tests/cneuromod/movie10 timestamp=1588598428.334677262s
6879c193-a985-46c8-9b0f-fee62b9e7551 s3unf.cneuromod.movie10.mri.sensitive timestamp=1653053902.994595893s
68a1deb3-c402-4eb1-8877-8894b985656e bpinsard@jacaranda.unf-montreal.ca:/data/neuromod/DATA/cneuromod/movie10 timestamp=1599226364.481824s
707e0c0c-d5d6-4459-adf7-eee923bf8e19 basile@criugm0277:~/data/tests/movie10.fmriprep/sourcedata/movie10 timestamp=1658245458.415441743s
7ecc0d8a-4212-4c61-88e5-5a9fba10c707 bpinsard@jacaranda.unf-montreal.ca:/data/neuromod/DATA/test/cneuromod/movie10 timestamp=1588616047.392832633s
8b7473a4-78c7-4600-b7e4-751399597399 unfs3 timestamp=1567021608.350372805s
8e624b9b-323e-4e0d-abcc-05402839d79f basile@criugm0277:~/data/tests/cneuromod/movie10 timestamp=1575057428.630326s
b16fd617-8eec-4994-bcd6-a4a4344f414a basile@criugm0277:~/data/raw/phantom/video10 timestamp=1568309801.038424151s
b6a8a9e8-69ce-4dcd-bc1d-a4018ee9fa26 ria-beluga-storage timestamp=1624633970.662921s
bc547f98-e0ad-48f2-82ad-d868009f8022 bpinsard@beluga1.int.ets1.calculquebec.ca:/lustre03/project/6003287/datasets/cneuromod_processed/fmriprep/movie10/sourcedata/movie10 timestamp=1658151186.955429449s
c0b92d21-d5ea-45c4-8ded-c01d89e89fab basile@criugm0277:~/data/tests/cneuromod/movie10 timestamp=1573857030.73037s
d7a34656-41a6-4215-be82-96de1033cb41 basile@criugm0277:~/data/tests/cneuromod/movie10 timestamp=1655495438.568753018s
dda34bcb-3443-462b-abf6-e63ee4a14e24 bpinsard@jacaranda.unf-montreal.ca:/mnt/data_sq/neuromod/DATA/neuromod/video5/generic timestamp=1567014262.786226947s
e4046576-4986-4a28-8c45-e177b236ddc9 basile@criugm0277:~/data/tests/cneuromod/movie10 timestamp=1586956292.514763s
fe2decdf-867b-437d-b82e-06a84f043d9d s3unf.phantom.video.derivatives timestamp=1568137650.065573533s
